Compilación iniciada a las 20/03/2015 12:06:13.
     1>Proyecto "C:\Users\Junquera\Documents\GPU_GOL\GPU_GOL\GPU_GOL\GPU_GOL.vcxproj" en el nodo 2 (Build destinos).
     1>AddCudaCompileDeps:
         C:\Program Files (x86)\Microsoft Visual Studio 12.0\VC\bin\cl.exe /E /nologo /showIncludes /TP /D__CUDACC__ /DWIN32 /D_DEBUG /D_CONSOLE /D_MBCS /I"C:\Program Files\NVIDIA GPU Computing Toolkit\CUDA\v6.5\include" /I"C:\Program Files\NVIDIA GPU Computing Toolkit\CUDA\v6.5\bin" /I"C:\Program Files\NVIDIA GPU Computing Toolkit\CUDA\v6.5\include" /I. /FIcuda_runtime.h /c C:\Users\Junquera\Documents\GPU_GOL\GPU_GOL\GPU_GOL\kernel.cu 
       CudaBuild:
         Compiling CUDA source file kernel.cu...
         cmd.exe /C "C:\Users\Junquera\AppData\Local\Temp\tmpcc2b3b6379d44ca6a6a58c868e7463a3.cmd"
         "C:\Program Files\NVIDIA GPU Computing Toolkit\CUDA\v6.5\bin\nvcc.exe" -gencode=arch=compute_20,code=\"sm_20,compute_20\" --use-local-env --cl-version 2013 -ccbin "C:\Program Files (x86)\Microsoft Visual Studio 12.0\VC\bin"  -I"C:\Program Files\NVIDIA GPU Computing Toolkit\CUDA\v6.5\include" -I"C:\Program Files\NVIDIA GPU Computing Toolkit\CUDA\v6.5\include"  -G   --keep-dir Debug -maxrregcount=0  --machine 32 --compile -cudart static  -g   -DWIN32 -D_DEBUG -D_CONSOLE -D_MBCS -Xcompiler "/EHsc /W3 /nologo /Od /Zi /RTC1 /MDd  " -o Debug\kernel.cu.obj "C:\Users\Junquera\Documents\GPU_GOL\GPU_GOL\GPU_GOL\kernel.cu"
         
         C:\Users\Junquera\Documents\GPU_GOL\GPU_GOL\GPU_GOL>"C:\Program Files\NVIDIA GPU Computing Toolkit\CUDA\v6.5\bin\nvcc.exe" -gencode=arch=compute_20,code=\"sm_20,compute_20\" --use-local-env --cl-version 2013 -ccbin "C:\Program Files (x86)\Microsoft Visual Studio 12.0\VC\bin"  -I"C:\Program Files\NVIDIA GPU Computing Toolkit\CUDA\v6.5\include" -I"C:\Program Files\NVIDIA GPU Computing Toolkit\CUDA\v6.5\include"  -G   --keep-dir Debug -maxrregcount=0  --machine 32 --compile -cudart static  -g   -DWIN32 -D_DEBUG -D_CONSOLE -D_MBCS -Xcompiler "/EHsc /W3 /nologo /Od /Zi /RTC1 /MDd  " -o Debug\kernel.cu.obj "C:\Users\Junquera\Documents\GPU_GOL\GPU_GOL\GPU_GOL\kernel.cu" 
     1>C:/Users/Junquera/Documents/GPU_GOL/GPU_GOL/GPU_GOL/kernel.cu(43): warning : variable "i" was declared but never referenced
     1>C:/Users/Junquera/Documents/GPU_GOL/GPU_GOL/GPU_GOL/kernel.cu(43): warning : variable "manual" was declared but never referenced
     1>C:/Users/Junquera/Documents/GPU_GOL/GPU_GOL/GPU_GOL/kernel.cu(152): warning : variable "i" was declared but never referenced
     1>C:/Users/Junquera/Documents/GPU_GOL/GPU_GOL/GPU_GOL/kernel.cu(152): warning : variable "j" was declared but never referenced
     1>C:/Users/Junquera/Documents/GPU_GOL/GPU_GOL/GPU_GOL/kernel.cu(152): warning : variable "vivo" was declared but never referenced
     1>C:/Users/Junquera/Documents/GPU_GOL/GPU_GOL/GPU_GOL/kernel.cu(43): warning : variable "i" was declared but never referenced
     1>C:/Users/Junquera/Documents/GPU_GOL/GPU_GOL/GPU_GOL/kernel.cu(43): warning : variable "manual" was declared but never referenced
     1>C:/Users/Junquera/Documents/GPU_GOL/GPU_GOL/GPU_GOL/kernel.cu(152): warning : variable "i" was declared but never referenced
     1>C:/Users/Junquera/Documents/GPU_GOL/GPU_GOL/GPU_GOL/kernel.cu(152): warning : variable "j" was declared but never referenced
     1>C:/Users/Junquera/Documents/GPU_GOL/GPU_GOL/GPU_GOL/kernel.cu(152): warning : variable "vivo" was declared but never referenced
         kernel.cu
     1>C:/Users/Junquera/Documents/GPU_GOL/GPU_GOL/GPU_GOL/kernel.cu(43): warning C4101: 'i' : variable local sin referencia
     1>C:/Users/Junquera/Documents/GPU_GOL/GPU_GOL/GPU_GOL/kernel.cu(152): warning C4101: 'i' : variable local sin referencia
     1>C:/Users/Junquera/Documents/GPU_GOL/GPU_GOL/GPU_GOL/kernel.cu(152): warning C4101: 'j' : variable local sin referencia
       Link:
         C:\Program Files (x86)\Microsoft Visual Studio 12.0\VC\bin\link.exe /ERRORREPORT:PROMPT /OUT:"C:\Users\Junquera\Documents\GPU_GOL\GPU_GOL\Debug\GPU_GOL.exe" /INCREMENTAL /NOLOGO /LIBPATH:"C:\Program Files\NVIDIA GPU Computing Toolkit\CUDA\v6.5\lib\Win32" cudart.lib kernel32.lib user32.lib gdi32.lib winspool.lib comdlg32.lib advapi32.lib shell32.lib ole32.lib oleaut32.lib uuid.lib odbc32.lib odbccp32.lib kernel32.lib user32.lib gdi32.lib winspool.lib comdlg32.lib advapi32.lib shell32.lib ole32.lib oleaut32.lib uuid.lib odbc32.lib odbccp32.lib /MANIFEST /MANIFESTUAC:"level='asInvoker' uiAccess='false'" /manifest:embed /DEBUG /PDB:"C:\Users\Junquera\Documents\GPU_GOL\GPU_GOL\Debug\GPU_GOL.pdb" /SUBSYSTEM:CONSOLE /TLBID:1 /DYNAMICBASE /NXCOMPAT /IMPLIB:"C:\Users\Junquera\Documents\GPU_GOL\GPU_GOL\Debug\GPU_GOL.lib" /MACHINE:X86 Debug\kernel.cu.obj
         GPU_GOL.vcxproj -> C:\Users\Junquera\Documents\GPU_GOL\GPU_GOL\Debug\GPU_GOL.exe
       PostBuildEvent:
         echo copy "C:\Program Files\NVIDIA GPU Computing Toolkit\CUDA\v6.5\bin\cudart*.dll" "C:\Users\Junquera\Documents\GPU_GOL\GPU_GOL\Debug\"
         copy "C:\Program Files\NVIDIA GPU Computing Toolkit\CUDA\v6.5\bin\cudart*.dll" "C:\Users\Junquera\Documents\GPU_GOL\GPU_GOL\Debug\"
         :VCEnd
         copy "C:\Program Files\NVIDIA GPU Computing Toolkit\CUDA\v6.5\bin\cudart*.dll" "C:\Users\Junquera\Documents\GPU_GOL\GPU_GOL\Debug\"
         C:\Program Files\NVIDIA GPU Computing Toolkit\CUDA\v6.5\bin\cudart32_65.dll
         C:\Program Files\NVIDIA GPU Computing Toolkit\CUDA\v6.5\bin\cudart64_65.dll
                 2 archivo(s) copiado(s).
     1>Compilación del proyecto terminada "C:\Users\Junquera\Documents\GPU_GOL\GPU_GOL\GPU_GOL\GPU_GOL.vcxproj" (Build destinos).

Compilación correcta.

Tiempo transcurrido 00:00:06.60
